<?xml version="1.0" encoding="utf-8" standalone="no"?>
<test-run id="0" runstate="Runnable" testcasecount="13" result="Passed" total="1" passed="1" failed="0" inconclusive="0" skipped="0" asserts="0" engine-version="3.11.1.0" clr-version="4.0.30319.42000" start-time="2020-09-29 08:11:39Z" end-time="2020-09-29 08:11:43Z" duration="3.657159">
  <command-line><![CDATA["C:\MIHO\Develop\Aasx\aasx-package-explorer\tools\NUnit.ConsoleRunner.3.11.1\tools\nunit3-console.exe" artefacts/build/Debug/AasxCsharpLibrary.Tests.dll --test=AdminShellNS.Tests.TestLoadSaveChain.TestLoadSaveXmlValidate]]></command-line>
  <filter>
    <test>AdminShellNS.Tests.TestLoadSaveChain.TestLoadSaveXmlValidate</test>
  </filter>
  <test-suite type="Assembly" id="0-1018" name="AasxCsharpLibrary.Tests.dll" fullname="C:\MIHO\Develop\Aasx\aasx-package-explorer\artefacts\build\Debug\AasxCsharpLibrary.Tests.dll" runstate="Runnable" testcasecount="13" result="Passed" start-time="2020-09-29 08:11:40Z" end-time="2020-09-29 08:11:43Z" duration="2.386909" total="1" passed="1" failed="0" warnings="0" inconclusive="0" skipped="0" asserts="0">
    <environment framework-version="3.12.0.0" clr-version="4.0.30319.42000" os-version="Microsoft Windows NT 10.0.17134.0" platform="Win32NT" cwd="C:\MIHO\Develop\Aasx\aasx-package-explorer" machine-name="CDE86488" user="miho" user-domain="FESTO" culture="de-DE" uiculture="de-DE" os-architecture="x64" />
    <settings>
      <setting name="DisposeRunners" value="True" />
      <setting name="WorkDirectory" value="C:\MIHO\Develop\Aasx\aasx-package-explorer" />
      <setting name="ImageRuntimeVersion" value="4.0.30319" />
      <setting name="ImageTargetFrameworkName" value=".NETFramework,Version=v4.6.1" />
      <setting name="ImageRequiresX86" value="False" />
      <setting name="ImageRequiresDefaultAppDomainAssemblyResolver" value="False" />
      <setting name="RuntimeFramework" value="net-4.0" />
      <setting name="NumberOfTestWorkers" value="4" />
    </settings>
    <properties>
      <property name="_PID" value="6440" />
      <property name="_APPDOMAIN" value="domain-" />
    </properties>
    <test-suite type="TestSuite" id="0-1019" name="AdminShellNS" fullname="AdminShellNS" runstate="Runnable" testcasecount="13" result="Passed" start-time="2020-09-29 08:11:40Z" end-time="2020-09-29 08:11:43Z" duration="2.364843" total="1" passed="1" failed="0" warnings="0" inconclusive="0" skipped="0" asserts="0">
      <test-suite type="TestSuite" id="0-1020" name="Tests" fullname="AdminShellNS.Tests" runstate="Runnable" testcasecount="13" result="Passed" start-time="2020-09-29 08:11:40Z" end-time="2020-09-29 08:11:43Z" duration="2.364241" total="1" passed="1" failed="0" warnings="0" inconclusive="0" skipped="0" asserts="0">
        <test-suite type="TestFixture" id="0-1012" name="TestLoadSaveChain" fullname="AdminShellNS.Tests.TestLoadSaveChain" classname="AdminShellNS.Tests.TestLoadSaveChain" runstate="Runnable" testcasecount="2" result="Passed" start-time="2020-09-29 08:11:40Z" end-time="2020-09-29 08:11:43Z" duration="2.358844" total="1" passed="1" failed="0" warnings="0" inconclusive="0" skipped="0" asserts="0">
          <test-case id="0-1015" name="TestLoadSaveXmlValidate" fullname="AdminShellNS.Tests.TestLoadSaveChain.TestLoadSaveXmlValidate" methodname="TestLoadSaveXmlValidate" classname="AdminShellNS.Tests.TestLoadSaveChain" runstate="Runnable" seed="2101435676" result="Passed" start-time="2020-09-29 08:11:40Z" end-time="2020-09-29 08:11:42Z" duration="2.342831" asserts="0" />
        </test-suite>
      </test-suite>
    </test-suite>
  </test-suite>
</test-run>